2026-04-22 12:33:32,303 - INFO - Начинаем процесс индексации синтетических данных NeoStack...
2026-04-22 12:34:17,245 - INFO - Начинаем процесс индексации синтетических данных NeoStack...
2026-04-22 12:34:17,322 - INFO - Загружено документов: 5
2026-04-22 12:34:17,324 - INFO - Текст успешно нарезан на 10 чанков.
2026-04-22 12:34:17,325 - INFO - Генерация эмбеддингов и создание базы ChromaDB (может занять минуту)...
2026-04-22 12:34:17,332 - INFO - No device provided, using cpu
2026-04-22 12:34:17,788 - INFO - HTTP Request: HEAD https://huggingface.co/sentence-transformers/all-mpnet-base-v2/resolve/main/modules.json "HTTP/1.1 307 Temporary Redirect"
2026-04-22 12:34:17,791 - WARNING - Warning: You are sending unauthenticated requests to the HF Hub. Please set a HF_TOKEN to enable higher rate limits and faster downloads.
2026-04-22 12:34:17,834 - INFO - HTTP Request: HEAD https://huggingface.co/api/resolve-cache/models/sentence-transformers/all-mpnet-base-v2/e8c3b32edf5434bc2275fc9bab85f82640a19130/modules.json "HTTP/1.1 200 OK"
2026-04-22 12:34:17,900 - INFO - HTTP Request: GET https://huggingface.co/api/resolve-cache/models/sentence-transformers/all-mpnet-base-v2/e8c3b32edf5434bc2275fc9bab85f82640a19130/modules.json "HTTP/1.1 200 OK"
2026-04-22 12:34:18,069 - INFO - HTTP Request: HEAD https://huggingface.co/sentence-transformers/all-mpnet-base-v2/resolve/main/config_sentence_transformers.json "HTTP/1.1 307 Temporary Redirect"
2026-04-22 12:34:18,112 - INFO - HTTP Request: HEAD https://huggingface.co/api/resolve-cache/models/sentence-transformers/all-mpnet-base-v2/e8c3b32edf5434bc2275fc9bab85f82640a19130/config_sentence_transformers.json "HTTP/1.1 200 OK"
2026-04-22 12:34:18,182 - INFO - HTTP Request: GET https://huggingface.co/api/resolve-cache/models/sentence-transformers/all-mpnet-base-v2/e8c3b32edf5434bc2275fc9bab85f82640a19130/config_sentence_transformers.json "HTTP/1.1 200 OK"
2026-04-22 12:34:18,217 - INFO - Loading SentenceTransformer model from sentence-transformers/all-mpnet-base-v2.
2026-04-22 12:34:18,353 - INFO - HTTP Request: HEAD https://huggingface.co/sentence-transformers/all-mpnet-base-v2/resolve/main/config_sentence_transformers.json "HTTP/1.1 307 Temporary Redirect"
2026-04-22 12:34:18,396 - INFO - HTTP Request: HEAD https://huggingface.co/api/resolve-cache/models/sentence-transformers/all-mpnet-base-v2/e8c3b32edf5434bc2275fc9bab85f82640a19130/config_sentence_transformers.json "HTTP/1.1 200 OK"
2026-04-22 12:34:18,540 - INFO - HTTP Request: HEAD https://huggingface.co/sentence-transformers/all-mpnet-base-v2/resolve/main/README.md "HTTP/1.1 307 Temporary Redirect"
2026-04-22 12:34:18,589 - INFO - HTTP Request: HEAD https://huggingface.co/api/resolve-cache/models/sentence-transformers/all-mpnet-base-v2/e8c3b32edf5434bc2275fc9bab85f82640a19130/README.md "HTTP/1.1 200 OK"
2026-04-22 12:34:18,641 - INFO - HTTP Request: GET https://huggingface.co/api/resolve-cache/models/sentence-transformers/all-mpnet-base-v2/e8c3b32edf5434bc2275fc9bab85f82640a19130/README.md "HTTP/1.1 200 OK"
2026-04-22 12:34:18,841 - INFO - HTTP Request: HEAD https://huggingface.co/sentence-transformers/all-mpnet-base-v2/resolve/main/modules.json "HTTP/1.1 307 Temporary Redirect"
2026-04-22 12:34:18,886 - INFO - HTTP Request: HEAD https://huggingface.co/api/resolve-cache/models/sentence-transformers/all-mpnet-base-v2/e8c3b32edf5434bc2275fc9bab85f82640a19130/modules.json "HTTP/1.1 200 OK"
2026-04-22 12:34:19,049 - INFO - HTTP Request: HEAD https://huggingface.co/sentence-transformers/all-mpnet-base-v2/resolve/main/sentence_bert_config.json "HTTP/1.1 307 Temporary Redirect"
2026-04-22 12:34:19,096 - INFO - HTTP Request: HEAD https://huggingface.co/api/resolve-cache/models/sentence-transformers/all-mpnet-base-v2/e8c3b32edf5434bc2275fc9bab85f82640a19130/sentence_bert_config.json "HTTP/1.1 200 OK"
2026-04-22 12:34:19,150 - INFO - HTTP Request: GET https://huggingface.co/api/resolve-cache/models/sentence-transformers/all-mpnet-base-v2/e8c3b32edf5434bc2275fc9bab85f82640a19130/sentence_bert_config.json "HTTP/1.1 200 OK"
2026-04-22 12:34:19,328 - INFO - HTTP Request: HEAD https://huggingface.co/sentence-transformers/all-mpnet-base-v2/resolve/main/adapter_config.json "HTTP/1.1 404 Not Found"
2026-04-22 12:34:19,477 - INFO - HTTP Request: HEAD https://huggingface.co/sentence-transformers/all-mpnet-base-v2/resolve/main/config.json "HTTP/1.1 307 Temporary Redirect"
2026-04-22 12:34:19,526 - INFO - HTTP Request: HEAD https://huggingface.co/api/resolve-cache/models/sentence-transformers/all-mpnet-base-v2/e8c3b32edf5434bc2275fc9bab85f82640a19130/config.json "HTTP/1.1 200 OK"
2026-04-22 12:34:19,581 - INFO - HTTP Request: GET https://huggingface.co/api/resolve-cache/models/sentence-transformers/all-mpnet-base-v2/e8c3b32edf5434bc2275fc9bab85f82640a19130/config.json "HTTP/1.1 200 OK"
2026-04-22 12:34:20,069 - INFO - HTTP Request: HEAD https://huggingface.co/sentence-transformers/all-mpnet-base-v2/resolve/main/model.safetensors "HTTP/1.1 302 Found"
2026-04-22 12:34:20,326 - INFO - HTTP Request: GET https://huggingface.co/api/models/sentence-transformers/all-mpnet-base-v2/xet-read-token/e8c3b32edf5434bc2275fc9bab85f82640a19130 "HTTP/1.1 200 OK"
2026-04-22 12:35:16,372 - INFO - HTTP Request: HEAD https://huggingface.co/sentence-transformers/all-mpnet-base-v2/resolve/main/processor_config.json "HTTP/1.1 404 Not Found"
2026-04-22 12:35:16,540 - INFO - HTTP Request: HEAD https://huggingface.co/sentence-transformers/all-mpnet-base-v2/resolve/main/preprocessor_config.json "HTTP/1.1 404 Not Found"
2026-04-22 12:35:16,691 - INFO - HTTP Request: HEAD https://huggingface.co/sentence-transformers/all-mpnet-base-v2/resolve/main/video_preprocessor_config.json "HTTP/1.1 404 Not Found"
2026-04-22 12:35:16,839 - INFO - HTTP Request: HEAD https://huggingface.co/sentence-transformers/all-mpnet-base-v2/resolve/main/preprocessor_config.json "HTTP/1.1 404 Not Found"
2026-04-22 12:35:16,985 - INFO - HTTP Request: HEAD https://huggingface.co/sentence-transformers/all-mpnet-base-v2/resolve/main/tokenizer_config.json "HTTP/1.1 307 Temporary Redirect"
2026-04-22 12:35:17,034 - INFO - HTTP Request: HEAD https://huggingface.co/api/resolve-cache/models/sentence-transformers/all-mpnet-base-v2/e8c3b32edf5434bc2275fc9bab85f82640a19130/tokenizer_config.json "HTTP/1.1 200 OK"
2026-04-22 12:35:17,086 - INFO - HTTP Request: GET https://huggingface.co/api/resolve-cache/models/sentence-transformers/all-mpnet-base-v2/e8c3b32edf5434bc2275fc9bab85f82640a19130/tokenizer_config.json "HTTP/1.1 200 OK"
2026-04-22 12:35:17,292 - INFO - HTTP Request: HEAD https://huggingface.co/sentence-transformers/all-mpnet-base-v2/resolve/main/config.json "HTTP/1.1 307 Temporary Redirect"
2026-04-22 12:35:17,347 - INFO - HTTP Request: HEAD https://huggingface.co/api/resolve-cache/models/sentence-transformers/all-mpnet-base-v2/e8c3b32edf5434bc2275fc9bab85f82640a19130/config.json "HTTP/1.1 200 OK"
2026-04-22 12:35:17,498 - INFO - HTTP Request: HEAD https://huggingface.co/sentence-transformers/all-mpnet-base-v2/resolve/main/config.json "HTTP/1.1 307 Temporary Redirect"
2026-04-22 12:35:17,546 - INFO - HTTP Request: HEAD https://huggingface.co/api/resolve-cache/models/sentence-transformers/all-mpnet-base-v2/e8c3b32edf5434bc2275fc9bab85f82640a19130/config.json "HTTP/1.1 200 OK"
2026-04-22 12:35:17,699 - INFO - HTTP Request: HEAD https://huggingface.co/sentence-transformers/all-mpnet-base-v2/resolve/main/tokenizer_config.json "HTTP/1.1 307 Temporary Redirect"
2026-04-22 12:35:17,741 - INFO - HTTP Request: HEAD https://huggingface.co/api/resolve-cache/models/sentence-transformers/all-mpnet-base-v2/e8c3b32edf5434bc2275fc9bab85f82640a19130/tokenizer_config.json "HTTP/1.1 200 OK"
2026-04-22 12:35:17,898 - INFO - HTTP Request: GET https://huggingface.co/api/models/sentence-transformers/all-mpnet-base-v2/tree/main/additional_chat_templates?recursive=false&expand=false "HTTP/1.1 404 Not Found"
2026-04-22 12:35:18,042 - INFO - HTTP Request: GET https://huggingface.co/api/models/sentence-transformers/all-mpnet-base-v2/tree/main?recursive=true&expand=false "HTTP/1.1 200 OK"
2026-04-22 12:35:18,183 - INFO - HTTP Request: HEAD https://huggingface.co/sentence-transformers/all-mpnet-base-v2/resolve/main/vocab.txt "HTTP/1.1 307 Temporary Redirect"
2026-04-22 12:35:18,243 - INFO - HTTP Request: HEAD https://huggingface.co/api/resolve-cache/models/sentence-transformers/all-mpnet-base-v2/e8c3b32edf5434bc2275fc9bab85f82640a19130/vocab.txt "HTTP/1.1 200 OK"
2026-04-22 12:35:18,297 - INFO - HTTP Request: GET https://huggingface.co/api/resolve-cache/models/sentence-transformers/all-mpnet-base-v2/e8c3b32edf5434bc2275fc9bab85f82640a19130/vocab.txt "HTTP/1.1 200 OK"
2026-04-22 12:35:18,549 - INFO - HTTP Request: HEAD https://huggingface.co/sentence-transformers/all-mpnet-base-v2/resolve/main/tokenizer.json "HTTP/1.1 307 Temporary Redirect"
2026-04-22 12:35:18,594 - INFO - HTTP Request: HEAD https://huggingface.co/api/resolve-cache/models/sentence-transformers/all-mpnet-base-v2/e8c3b32edf5434bc2275fc9bab85f82640a19130/tokenizer.json "HTTP/1.1 200 OK"
2026-04-22 12:35:18,658 - INFO - HTTP Request: GET https://huggingface.co/api/resolve-cache/models/sentence-transformers/all-mpnet-base-v2/e8c3b32edf5434bc2275fc9bab85f82640a19130/tokenizer.json "HTTP/1.1 200 OK"
2026-04-22 12:35:18,873 - INFO - HTTP Request: HEAD https://huggingface.co/sentence-transformers/all-mpnet-base-v2/resolve/main/added_tokens.json "HTTP/1.1 404 Not Found"
2026-04-22 12:35:19,025 - INFO - HTTP Request: HEAD https://huggingface.co/sentence-transformers/all-mpnet-base-v2/resolve/main/special_tokens_map.json "HTTP/1.1 307 Temporary Redirect"
2026-04-22 12:35:19,075 - INFO - HTTP Request: HEAD https://huggingface.co/api/resolve-cache/models/sentence-transformers/all-mpnet-base-v2/e8c3b32edf5434bc2275fc9bab85f82640a19130/special_tokens_map.json "HTTP/1.1 200 OK"
2026-04-22 12:35:19,144 - INFO - HTTP Request: GET https://huggingface.co/api/resolve-cache/models/sentence-transformers/all-mpnet-base-v2/e8c3b32edf5434bc2275fc9bab85f82640a19130/special_tokens_map.json "HTTP/1.1 200 OK"
2026-04-22 12:35:19,355 - INFO - HTTP Request: HEAD https://huggingface.co/sentence-transformers/all-mpnet-base-v2/resolve/main/chat_template.jinja "HTTP/1.1 404 Not Found"
2026-04-22 12:35:19,900 - INFO - HTTP Request: HEAD https://huggingface.co/sentence-transformers/all-mpnet-base-v2/resolve/main/1_Pooling/config.json "HTTP/1.1 307 Temporary Redirect"
2026-04-22 12:35:19,960 - INFO - HTTP Request: HEAD https://huggingface.co/api/resolve-cache/models/sentence-transformers/all-mpnet-base-v2/e8c3b32edf5434bc2275fc9bab85f82640a19130/1_Pooling%2Fconfig.json "HTTP/1.1 200 OK"
2026-04-22 12:35:20,033 - INFO - HTTP Request: GET https://huggingface.co/api/resolve-cache/models/sentence-transformers/all-mpnet-base-v2/e8c3b32edf5434bc2275fc9bab85f82640a19130/1_Pooling%2Fconfig.json "HTTP/1.1 200 OK"
2026-04-22 12:35:20,268 - INFO - HTTP Request: GET https://huggingface.co/api/models/sentence-transformers/all-mpnet-base-v2 "HTTP/1.1 200 OK"
2026-04-22 12:35:47,622 - INFO - Векторная база NeoStack создана и сохранена в ./neostack_db
2026-04-22 12:46:09,353 - INFO - Начинаем процесс индексации синтетических данных NeoStack...
2026-04-22 12:48:24,840 - INFO - Начинаем процесс индексации синтетических данных NeoStack...
2026-04-22 12:48:24,858 - INFO - Загружено документов: 5
2026-04-22 12:48:24,859 - INFO - Текст успешно нарезан на 5 чанков.
2026-04-22 12:48:24,860 - INFO - Генерация эмбеддингов и создание базы ChromaDB (может занять минуту)...
2026-04-22 12:48:24,874 - INFO - No device provided, using cpu
2026-04-22 12:48:25,545 - INFO - HTTP Request: HEAD https://huggingface.co/sentence-transformers/all-mpnet-base-v2/resolve/main/modules.json "HTTP/1.1 307 Temporary Redirect"
2026-04-22 12:48:25,598 - INFO - HTTP Request: HEAD https://huggingface.co/api/resolve-cache/models/sentence-transformers/all-mpnet-base-v2/e8c3b32edf5434bc2275fc9bab85f82640a19130/modules.json "HTTP/1.1 200 OK"
2026-04-22 12:48:25,740 - INFO - HTTP Request: HEAD https://huggingface.co/sentence-transformers/all-mpnet-base-v2/resolve/main/config_sentence_transformers.json "HTTP/1.1 307 Temporary Redirect"
2026-04-22 12:48:25,784 - INFO - HTTP Request: HEAD https://huggingface.co/api/resolve-cache/models/sentence-transformers/all-mpnet-base-v2/e8c3b32edf5434bc2275fc9bab85f82640a19130/config_sentence_transformers.json "HTTP/1.1 200 OK"
2026-04-22 12:48:25,792 - INFO - Loading SentenceTransformer model from sentence-transformers/all-mpnet-base-v2.
2026-04-22 12:48:25,934 - INFO - HTTP Request: HEAD https://huggingface.co/sentence-transformers/all-mpnet-base-v2/resolve/main/config_sentence_transformers.json "HTTP/1.1 307 Temporary Redirect"
2026-04-22 12:48:25,980 - INFO - HTTP Request: HEAD https://huggingface.co/api/resolve-cache/models/sentence-transformers/all-mpnet-base-v2/e8c3b32edf5434bc2275fc9bab85f82640a19130/config_sentence_transformers.json "HTTP/1.1 200 OK"
2026-04-22 12:48:26,131 - INFO - HTTP Request: HEAD https://huggingface.co/sentence-transformers/all-mpnet-base-v2/resolve/main/README.md "HTTP/1.1 307 Temporary Redirect"
2026-04-22 12:48:26,133 - WARNING - Warning: You are sending unauthenticated requests to the HF Hub. Please set a HF_TOKEN to enable higher rate limits and faster downloads.
2026-04-22 12:48:26,178 - INFO - HTTP Request: HEAD https://huggingface.co/api/resolve-cache/models/sentence-transformers/all-mpnet-base-v2/e8c3b32edf5434bc2275fc9bab85f82640a19130/README.md "HTTP/1.1 200 OK"
2026-04-22 12:48:26,332 - INFO - HTTP Request: HEAD https://huggingface.co/sentence-transformers/all-mpnet-base-v2/resolve/main/modules.json "HTTP/1.1 307 Temporary Redirect"
2026-04-22 12:48:26,395 - INFO - HTTP Request: HEAD https://huggingface.co/api/resolve-cache/models/sentence-transformers/all-mpnet-base-v2/e8c3b32edf5434bc2275fc9bab85f82640a19130/modules.json "HTTP/1.1 200 OK"
2026-04-22 12:48:26,545 - INFO - HTTP Request: HEAD https://huggingface.co/sentence-transformers/all-mpnet-base-v2/resolve/main/sentence_bert_config.json "HTTP/1.1 307 Temporary Redirect"
2026-04-22 12:48:26,588 - INFO - HTTP Request: HEAD https://huggingface.co/api/resolve-cache/models/sentence-transformers/all-mpnet-base-v2/e8c3b32edf5434bc2275fc9bab85f82640a19130/sentence_bert_config.json "HTTP/1.1 200 OK"
2026-04-22 12:48:26,732 - INFO - HTTP Request: HEAD https://huggingface.co/sentence-transformers/all-mpnet-base-v2/resolve/main/adapter_config.json "HTTP/1.1 404 Not Found"
2026-04-22 12:48:26,876 - INFO - HTTP Request: HEAD https://huggingface.co/sentence-transformers/all-mpnet-base-v2/resolve/main/config.json "HTTP/1.1 307 Temporary Redirect"
2026-04-22 12:48:26,921 - INFO - HTTP Request: HEAD https://huggingface.co/api/resolve-cache/models/sentence-transformers/all-mpnet-base-v2/e8c3b32edf5434bc2275fc9bab85f82640a19130/config.json "HTTP/1.1 200 OK"
2026-04-22 12:48:27,803 - INFO - HTTP Request: HEAD https://huggingface.co/sentence-transformers/all-mpnet-base-v2/resolve/main/processor_config.json "HTTP/1.1 404 Not Found"
2026-04-22 12:48:27,954 - INFO - HTTP Request: HEAD https://huggingface.co/sentence-transformers/all-mpnet-base-v2/resolve/main/preprocessor_config.json "HTTP/1.1 404 Not Found"
2026-04-22 12:48:28,094 - INFO - HTTP Request: HEAD https://huggingface.co/sentence-transformers/all-mpnet-base-v2/resolve/main/video_preprocessor_config.json "HTTP/1.1 404 Not Found"
2026-04-22 12:48:28,237 - INFO - HTTP Request: HEAD https://huggingface.co/sentence-transformers/all-mpnet-base-v2/resolve/main/preprocessor_config.json "HTTP/1.1 404 Not Found"
2026-04-22 12:48:28,382 - INFO - HTTP Request: HEAD https://huggingface.co/sentence-transformers/all-mpnet-base-v2/resolve/main/tokenizer_config.json "HTTP/1.1 307 Temporary Redirect"
2026-04-22 12:48:28,426 - INFO - HTTP Request: HEAD https://huggingface.co/api/resolve-cache/models/sentence-transformers/all-mpnet-base-v2/e8c3b32edf5434bc2275fc9bab85f82640a19130/tokenizer_config.json "HTTP/1.1 200 OK"
2026-04-22 12:48:28,581 - INFO - HTTP Request: HEAD https://huggingface.co/sentence-transformers/all-mpnet-base-v2/resolve/main/config.json "HTTP/1.1 307 Temporary Redirect"
2026-04-22 12:48:28,626 - INFO - HTTP Request: HEAD https://huggingface.co/api/resolve-cache/models/sentence-transformers/all-mpnet-base-v2/e8c3b32edf5434bc2275fc9bab85f82640a19130/config.json "HTTP/1.1 200 OK"
2026-04-22 12:48:28,780 - INFO - HTTP Request: HEAD https://huggingface.co/sentence-transformers/all-mpnet-base-v2/resolve/main/config.json "HTTP/1.1 307 Temporary Redirect"
2026-04-22 12:48:28,828 - INFO - HTTP Request: HEAD https://huggingface.co/api/resolve-cache/models/sentence-transformers/all-mpnet-base-v2/e8c3b32edf5434bc2275fc9bab85f82640a19130/config.json "HTTP/1.1 200 OK"
2026-04-22 12:48:28,990 - INFO - HTTP Request: HEAD https://huggingface.co/sentence-transformers/all-mpnet-base-v2/resolve/main/tokenizer_config.json "HTTP/1.1 307 Temporary Redirect"
2026-04-22 12:48:29,039 - INFO - HTTP Request: HEAD https://huggingface.co/api/resolve-cache/models/sentence-transformers/all-mpnet-base-v2/e8c3b32edf5434bc2275fc9bab85f82640a19130/tokenizer_config.json "HTTP/1.1 200 OK"
2026-04-22 12:48:29,200 - INFO - HTTP Request: GET https://huggingface.co/api/models/sentence-transformers/all-mpnet-base-v2/tree/main/additional_chat_templates?recursive=false&expand=false "HTTP/1.1 404 Not Found"
2026-04-22 12:48:29,342 - INFO - HTTP Request: GET https://huggingface.co/api/models/sentence-transformers/all-mpnet-base-v2/tree/main?recursive=true&expand=false "HTTP/1.1 200 OK"
2026-04-22 12:48:29,673 - INFO - HTTP Request: HEAD https://huggingface.co/sentence-transformers/all-mpnet-base-v2/resolve/main/1_Pooling/config.json "HTTP/1.1 307 Temporary Redirect"
2026-04-22 12:48:29,718 - INFO - HTTP Request: HEAD https://huggingface.co/api/resolve-cache/models/sentence-transformers/all-mpnet-base-v2/e8c3b32edf5434bc2275fc9bab85f82640a19130/1_Pooling%2Fconfig.json "HTTP/1.1 200 OK"
2026-04-22 12:48:29,871 - INFO - HTTP Request: GET https://huggingface.co/api/models/sentence-transformers/all-mpnet-base-v2 "HTTP/1.1 200 OK"
2026-04-22 12:48:39,709 - INFO - Векторная база NeoStack создана и сохранена в ./neostack_db
2026-04-22 12:54:35,578 - No device provided, using cpu
2026-04-22 12:54:35,999 - HTTP Request: HEAD https://huggingface.co/sentence-transformers/all-mpnet-base-v2/resolve/main/modules.json "HTTP/1.1 307 Temporary Redirect"
2026-04-22 12:54:36,002 - Warning: You are sending unauthenticated requests to the HF Hub. Please set a HF_TOKEN to enable higher rate limits and faster downloads.
2026-04-22 12:54:36,047 - HTTP Request: HEAD https://huggingface.co/api/resolve-cache/models/sentence-transformers/all-mpnet-base-v2/e8c3b32edf5434bc2275fc9bab85f82640a19130/modules.json "HTTP/1.1 200 OK"
2026-04-22 12:54:36,189 - HTTP Request: HEAD https://huggingface.co/sentence-transformers/all-mpnet-base-v2/resolve/main/config_sentence_transformers.json "HTTP/1.1 307 Temporary Redirect"
2026-04-22 12:54:36,233 - HTTP Request: HEAD https://huggingface.co/api/resolve-cache/models/sentence-transformers/all-mpnet-base-v2/e8c3b32edf5434bc2275fc9bab85f82640a19130/config_sentence_transformers.json "HTTP/1.1 200 OK"
2026-04-22 12:54:36,239 - Loading SentenceTransformer model from sentence-transformers/all-mpnet-base-v2.
2026-04-22 12:54:36,403 - HTTP Request: HEAD https://huggingface.co/sentence-transformers/all-mpnet-base-v2/resolve/main/config_sentence_transformers.json "HTTP/1.1 307 Temporary Redirect"
2026-04-22 12:54:36,448 - HTTP Request: HEAD https://huggingface.co/api/resolve-cache/models/sentence-transformers/all-mpnet-base-v2/e8c3b32edf5434bc2275fc9bab85f82640a19130/config_sentence_transformers.json "HTTP/1.1 200 OK"
2026-04-22 12:54:36,600 - HTTP Request: HEAD https://huggingface.co/sentence-transformers/all-mpnet-base-v2/resolve/main/README.md "HTTP/1.1 307 Temporary Redirect"
2026-04-22 12:54:36,646 - HTTP Request: HEAD https://huggingface.co/api/resolve-cache/models/sentence-transformers/all-mpnet-base-v2/e8c3b32edf5434bc2275fc9bab85f82640a19130/README.md "HTTP/1.1 200 OK"
2026-04-22 12:54:36,796 - HTTP Request: HEAD https://huggingface.co/sentence-transformers/all-mpnet-base-v2/resolve/main/modules.json "HTTP/1.1 307 Temporary Redirect"
2026-04-22 12:54:36,841 - HTTP Request: HEAD https://huggingface.co/api/resolve-cache/models/sentence-transformers/all-mpnet-base-v2/e8c3b32edf5434bc2275fc9bab85f82640a19130/modules.json "HTTP/1.1 200 OK"
2026-04-22 12:54:37,005 - HTTP Request: HEAD https://huggingface.co/sentence-transformers/all-mpnet-base-v2/resolve/main/sentence_bert_config.json "HTTP/1.1 307 Temporary Redirect"
2026-04-22 12:54:37,050 - HTTP Request: HEAD https://huggingface.co/api/resolve-cache/models/sentence-transformers/all-mpnet-base-v2/e8c3b32edf5434bc2275fc9bab85f82640a19130/sentence_bert_config.json "HTTP/1.1 200 OK"
2026-04-22 12:54:37,193 - HTTP Request: HEAD https://huggingface.co/sentence-transformers/all-mpnet-base-v2/resolve/main/adapter_config.json "HTTP/1.1 404 Not Found"
2026-04-22 12:54:37,339 - HTTP Request: HEAD https://huggingface.co/sentence-transformers/all-mpnet-base-v2/resolve/main/config.json "HTTP/1.1 307 Temporary Redirect"
2026-04-22 12:54:37,383 - HTTP Request: HEAD https://huggingface.co/api/resolve-cache/models/sentence-transformers/all-mpnet-base-v2/e8c3b32edf5434bc2275fc9bab85f82640a19130/config.json "HTTP/1.1 200 OK"
2026-04-22 12:54:37,983 - HTTP Request: HEAD https://huggingface.co/sentence-transformers/all-mpnet-base-v2/resolve/main/processor_config.json "HTTP/1.1 404 Not Found"
2026-04-22 12:54:38,127 - HTTP Request: HEAD https://huggingface.co/sentence-transformers/all-mpnet-base-v2/resolve/main/preprocessor_config.json "HTTP/1.1 404 Not Found"
2026-04-22 12:54:38,282 - HTTP Request: HEAD https://huggingface.co/sentence-transformers/all-mpnet-base-v2/resolve/main/video_preprocessor_config.json "HTTP/1.1 404 Not Found"
2026-04-22 12:54:38,425 - HTTP Request: HEAD https://huggingface.co/sentence-transformers/all-mpnet-base-v2/resolve/main/preprocessor_config.json "HTTP/1.1 404 Not Found"
2026-04-22 12:54:38,571 - HTTP Request: HEAD https://huggingface.co/sentence-transformers/all-mpnet-base-v2/resolve/main/tokenizer_config.json "HTTP/1.1 307 Temporary Redirect"
2026-04-22 12:54:38,618 - HTTP Request: HEAD https://huggingface.co/api/resolve-cache/models/sentence-transformers/all-mpnet-base-v2/e8c3b32edf5434bc2275fc9bab85f82640a19130/tokenizer_config.json "HTTP/1.1 200 OK"
2026-04-22 12:54:38,765 - HTTP Request: HEAD https://huggingface.co/sentence-transformers/all-mpnet-base-v2/resolve/main/config.json "HTTP/1.1 307 Temporary Redirect"
2026-04-22 12:54:38,808 - HTTP Request: HEAD https://huggingface.co/api/resolve-cache/models/sentence-transformers/all-mpnet-base-v2/e8c3b32edf5434bc2275fc9bab85f82640a19130/config.json "HTTP/1.1 200 OK"
2026-04-22 12:54:38,962 - HTTP Request: HEAD https://huggingface.co/sentence-transformers/all-mpnet-base-v2/resolve/main/config.json "HTTP/1.1 307 Temporary Redirect"
2026-04-22 12:54:39,004 - HTTP Request: HEAD https://huggingface.co/api/resolve-cache/models/sentence-transformers/all-mpnet-base-v2/e8c3b32edf5434bc2275fc9bab85f82640a19130/config.json "HTTP/1.1 200 OK"
2026-04-22 12:54:39,155 - HTTP Request: HEAD https://huggingface.co/sentence-transformers/all-mpnet-base-v2/resolve/main/tokenizer_config.json "HTTP/1.1 307 Temporary Redirect"
2026-04-22 12:54:39,198 - HTTP Request: HEAD https://huggingface.co/api/resolve-cache/models/sentence-transformers/all-mpnet-base-v2/e8c3b32edf5434bc2275fc9bab85f82640a19130/tokenizer_config.json "HTTP/1.1 200 OK"
2026-04-22 12:54:39,349 - HTTP Request: GET https://huggingface.co/api/models/sentence-transformers/all-mpnet-base-v2/tree/main/additional_chat_templates?recursive=false&expand=false "HTTP/1.1 404 Not Found"
2026-04-22 12:54:39,489 - HTTP Request: GET https://huggingface.co/api/models/sentence-transformers/all-mpnet-base-v2/tree/main?recursive=true&expand=false "HTTP/1.1 200 OK"
2026-04-22 12:54:39,910 - HTTP Request: HEAD https://huggingface.co/sentence-transformers/all-mpnet-base-v2/resolve/main/1_Pooling/config.json "HTTP/1.1 307 Temporary Redirect"
2026-04-22 12:54:39,957 - HTTP Request: HEAD https://huggingface.co/api/resolve-cache/models/sentence-transformers/all-mpnet-base-v2/e8c3b32edf5434bc2275fc9bab85f82640a19130/1_Pooling%2Fconfig.json "HTTP/1.1 200 OK"
2026-04-22 12:54:40,109 - HTTP Request: GET https://huggingface.co/api/models/sentence-transformers/all-mpnet-base-v2 "HTTP/1.1 200 OK"
2026-04-22 12:54:40,282 - HTTP Request: HEAD https://huggingface.co/api/telemetry/https%3A/api.gradio.app/gradio-initiated-analytics "HTTP/1.1 200 OK"
2026-04-22 12:54:41,372 - HTTP Request: GET https://api.gradio.app/pkg-version "HTTP/1.1 200 OK"
2026-04-22 12:54:41,804 - HTTP Request: GET http://127.0.0.1:7860/gradio_api/startup-events "HTTP/1.1 200 OK"
2026-04-22 12:54:42,098 - HTTP Request: HEAD http://127.0.0.1:7860/ "HTTP/1.1 200 OK"
2026-04-22 12:54:42,237 - HTTP Request: HEAD https://huggingface.co/api/telemetry/https%3A/api.gradio.app/gradio-launched-telemetry "HTTP/1.1 200 OK"
